# JRE version: Java(TM) SE Runtime Environment (8.0_73-b02) (build 1.8.0_73-b02)
# Java VM: Java HotSpot(TM) 64-Bit Server VM (25.73-b02 mixed mode windows-amd64 compressed oops)
Heap:
 PSYoungGen      total 105984K, used 12568K [0x000000076b500000, 0x0000000773000000, 0x00000007c0000000)
  eden space 96256K, 13% used [0x000000076b500000,0x000000076c1463a8,0x0000000771300000)
  from space 9728K, 0% used [0x0000000771d80000,0x0000000771d80000,0x0000000772700000)
  to   space 10752K, 0% used [0x0000000771300000,0x0000000771300000,0x0000000771d80000)
 ParOldGen       total 135168K, used 20959K [0x00000006c1e00000, 0x00000006ca200000, 0x000000076b500000)
  object space 135168K, 15% used [0x00000006c1e00000,0x00000006c3277f00,0x00000006ca200000)
 Metaspace       used 40593K, capacity 42488K, committed 42752K, reserved 1091584K
  class space    used 5517K, capacity 5867K, committed 5888K, reserved 1048576K
GC Heap History (10 events):
Event: 8.984 GC heap before
{Heap before GC invocations=10 (full 2):
 PSYoungGen      total 105984K, used 9716K [0x000000076b500000, 0x0000000773000000, 0x00000007c0000000)
  eden space 96256K, 0% used [0x000000076b500000,0x000000076b500000,0x0000000771300000)
  from space 9728K, 99% used [0x0000000771d80000,0x00000007726fd030,0x0000000772700000)
  to   space 10752K, 0% used [0x0000000771300000,0x0000000771300000,0x0000000771d80000)
 ParOldGen       total 113152K, used 11947K [0x00000006c1e00000, 0x00000006c8c80000, 0x000000076b500000)
  object space 113152K, 10% used [0x00000006c1e00000,0x00000006c29aac38,0x00000006c8c80000)
 Metaspace       used 33504K, capacity 35320K, committed 35456K, reserved 1079296K
  class space    used 4537K, capacity 4887K, committed 4992K, reserved 1048576K
Event: 9.037 GC heap after
Heap after GC invocations=10 (full 2):
 PSYoungGen      total 105984K, used 0K [0x000000076b500000, 0x0000000773000000, 0x00000007c0000000)
  eden space 96256K, 0% used [0x000000076b500000,0x000000076b500000,0x0000000771300000)
  from space 9728K, 0% used [0x0000000771d80000,0x0000000771d80000,0x0000000772700000)
  to   space 10752K, 0% used [0x0000000771300000,0x0000000771300000,0x0000000771d80000)
 ParOldGen       total 135168K, used 16233K [0x00000006c1e00000, 0x00000006ca200000, 0x000000076b500000)
  object space 135168K, 12% used [0x00000006c1e00000,0x00000006c2dda4b8,0x00000006ca200000)
 Metaspace       used 33504K, capacity 35320K, committed 35456K, reserved 1079296K
  class space    used 4537K, capacity 4887K, committed 4992K, reserved 1048576K
}
Event: 9.313 GC heap before
{Heap before GC invocations=11 (full 2):
 PSYoungGen      total 105984K, used 34935K [0x000000076b500000, 0x0000000773000000, 0x00000007c0000000)
  eden space 96256K, 36% used [0x000000076b500000,0x000000076d71ddc8,0x0000000771300000)
  from space 9728K, 0% used [0x0000000771d80000,0x0000000771d80000,0x0000000772700000)
  to   space 10752K, 0% used [0x0000000771300000,0x0000000771300000,0x0000000771d80000)
 ParOldGen       total 135168K, used 16233K [0x00000006c1e00000, 0x00000006ca200000, 0x000000076b500000)
  object space 135168K, 12% used [0x00000006c1e00000,0x00000006c2dda4b8,0x00000006ca200000)
 Metaspace       used 37293K, capacity 39086K, committed 39296K, reserved 1087488K
  class space    used 5055K, capacity 5388K, committed 5504K, reserved 1048576K
Event: 9.316 GC heap after
Heap after GC invocations=11 (full 2):
 PSYoungGen      total 107008K, used 4645K [0x000000076b500000, 0x0000000773000000, 0x00000007c0000000)
  eden space 96256K, 0% used [0x000000076b500000,0x000000076b500000,0x0000000771300000)
  from space 10752K, 43% used [0x0000000771300000,0x0000000771789510,0x0000000771d80000)
  to   space 9728K, 0% used [0x0000000771d80000,0x0000000771d80000,0x0000000772700000)
 ParOldGen       total 135168K, used 16241K [0x00000006c1e00000, 0x00000006ca200000, 0x000000076b500000)
  object space 135168K, 12% used [0x00000006c1e00000,0x00000006c2ddc4b8,0x00000006ca200000)
 Metaspace       used 37293K, capacity 39086K, committed 39296K, reserved 1087488K
  class space    used 5055K, capacity 5388K, committed 5504K, reserved 1048576K
}
Event: 9.316 GC heap before
{Heap before GC invocations=12 (full 3):
 PSYoungGen      total 107008K, used 4645K [0x000000076b500000, 0x0000000773000000, 0x00000007c0000000)
  eden space 96256K, 0% used [0x000000076b500000,0x000000076b500000,0x0000000771300000)
  from space 10752K, 43% used [0x0000000771300000,0x0000000771789510,0x0000000771d80000)
  to   space 9728K, 0% used [0x0000000771d80000,0x0000000771d80000,0x0000000772700000)
 ParOldGen       total 135168K, used 16241K [0x00000006c1e00000, 0x00000006ca200000, 0x000000076b500000)
  object space 135168K, 12% used [0x00000006c1e00000,0x00000006c2ddc4b8,0x00000006ca200000)
 Metaspace       used 37293K, capacity 39086K, committed 39296K, reserved 1087488K
  class space    used 5055K, capacity 5388K, committed 5504K, reserved 1048576K
Event: 9.446 GC heap after
Heap after GC invocations=12 (full 3):
 PSYoungGen      total 107008K, used 0K [0x000000076b500000, 0x0000000773000000, 0x00000007c0000000)
  eden space 96256K, 0% used [0x000000076b500000,0x000000076b500000,0x0000000771300000)
  from space 10752K, 0% used [0x0000000771300000,0x0000000771300000,0x0000000771d80000)
  to   space 9728K, 0% used [0x0000000771d80000,0x0000000771d80000,0x0000000772700000)
 ParOldGen       total 135168K, used 20024K [0x00000006c1e00000, 0x00000006ca200000, 0x000000076b500000)
  object space 135168K, 14% used [0x00000006c1e00000,0x00000006c318e258,0x00000006ca200000)
 Metaspace       used 37293K, capacity 39086K, committed 39296K, reserved 1085440K
  class space    used 5055K, capacity 5388K, committed 5504K, reserved 1048576K
}
Event: 9.738 GC heap before
{Heap before GC invocations=13 (full 3):
 PSYoungGen      total 107008K, used 33941K [0x000000076b500000, 0x0000000773000000, 0x00000007c0000000)
  eden space 96256K, 35% used [0x000000076b500000,0x000000076d625580,0x0000000771300000)
  from space 10752K, 0% used [0x0000000771300000,0x0000000771300000,0x0000000771d80000)
  to   space 9728K, 0% used [0x0000000771d80000,0x0000000771d80000,0x0000000772700000)
 ParOldGen       total 135168K, used 20024K [0x00000006c1e00000, 0x00000006ca200000, 0x000000076b500000)
  object space 135168K, 14% used [0x00000006c1e00000,0x00000006c318e258,0x00000006ca200000)
 Metaspace       used 39386K, capacity 41196K, committed 41344K, reserved 1089536K
  class space    used 5357K, capacity 5695K, committed 5760K, reserved 1048576K
Event: 9.741 GC heap after
Heap after GC invocations=13 (full 3):
 PSYoungGen      total 105984K, used 2938K [0x000000076b500000, 0x0000000773000000, 0x00000007c0000000)
  eden space 96256K, 0% used [0x000000076b500000,0x000000076b500000,0x0000000771300000)
  from space 9728K, 30% used [0x0000000771d80000,0x000000077205ea40,0x0000000772700000)
  to   space 10752K, 0% used [0x0000000771300000,0x0000000771300000,0x0000000771d80000)
 ParOldGen       total 135168K, used 20032K [0x00000006c1e00000, 0x00000006ca200000, 0x000000076b500000)
  object space 135168K, 14% used [0x00000006c1e00000,0x00000006c3190258,0x00000006ca200000)
 Metaspace       used 39386K, capacity 41196K, committed 41344K, reserved 1089536K
  class space    used 5357K, capacity 5695K, committed 5760K, reserved 1048576K
}
Event: 9.741 GC heap before
{Heap before GC invocations=14 (full 4):
 PSYoungGen      total 105984K, used 2938K [0x000000076b500000, 0x0000000773000000, 0x00000007c0000000)
  eden space 96256K, 0% used [0x000000076b500000,0x000000076b500000,0x0000000771300000)
  from space 9728K, 30% used [0x0000000771d80000,0x000000077205ea40,0x0000000772700000)
  to   space 10752K, 0% used [0x0000000771300000,0x0000000771300000,0x0000000771d80000)
 ParOldGen       total 135168K, used 20032K [0x00000006c1e00000, 0x00000006ca200000, 0x000000076b500000)
  object space 135168K, 14% used [0x00000006c1e00000,0x00000006c3190258,0x00000006ca200000)
 Metaspace       used 39386K, capacity 41196K, committed 41344K, reserved 1089536K
  class space    used 5357K, capacity 5695K, committed 5760K, reserved 1048576K
Event: 9.784 GC heap after
Heap after GC invocations=14 (full 4):
 PSYoungGen      total 105984K, used 0K [0x000000076b500000, 0x0000000773000000, 0x00000007c0000000)
  eden space 96256K, 0% used [0x000000076b500000,0x000000076b500000,0x0000000771300000)
  from space 9728K, 0% used [0x0000000771d80000,0x0000000771d80000,0x0000000772700000)
  to   space 10752K, 0% used [0x0000000771300000,0x0000000771300000,0x0000000771d80000)
 ParOldGen       total 135168K, used 20959K [0x00000006c1e00000, 0x00000006ca200000, 0x000000076b500000)
  object space 135168K, 15% used [0x00000006c1e00000,0x00000006c3277f00,0x00000006ca200000)
 Metaspace       used 39386K, capacity 41196K, committed 41344K, reserved 1087488K
  class space    used 5357K, capacity 5695K, committed 5760K, reserved 1048576K
}

